[2016-08-24 00:27:43] local.ERROR: Symfony\Component\Debug\Exception\FatalThrowableError: Class 'Collective\Html\HtmlServiceProvider' not found in /var/www/html/work/vendor/laravel/framework/src/Illuminate/Foundation/ProviderRepository.php:146
Stack trace:
#0 /var/www/html/work/vendor/laravel/framework/src/Illuminate/Foundation/ProviderRepository.php(114): Illuminate\Foundation\ProviderRepository->createProvider('Collective\\Html...')
#1 /var/www/html/work/vendor/laravel/framework/src/Illuminate/Foundation/ProviderRepository.php(60): Illuminate\Foundation\ProviderRepository->compileManifest(Array)
#2 /var/www/html/work/vendor/laravel/framework/src/Illuminate/Foundation/Application.php(530): Illuminate\Foundation\ProviderRepository->load(Array)
#3 /var/www/html/work/vendor/laravel/framework/src/Illuminate/Foundation/Bootstrap/RegisterProviders.php(17): Illuminate\Foundation\Application->registerConfiguredProviders()
#4 /var/www/html/work/vendor/laravel/framework/src/Illuminate/Foundation/Application.php(203): Illuminate\Foundation\Bootstrap\RegisterProviders->bootstrap(Object(Illuminate\Foundation\Application))
#5 /var/www/html/work/vendor/laravel/framework/src/Illuminate/Foundation/Console/Kernel.php(251): Illuminate\Foundation\Application->bootstrapWith(Array)
#6 /var/www/html/work/vendor/laravel/framework/src/Illuminate/Foundation/Console/Kernel.php(109): Illuminate\Foundation\Console\Kernel->bootstrap()
#7 /var/www/html/work/artisan(35): Illuminate\Foundation\Console\Kernel->handle(Object(Symfony\Component\Console\Input\ArgvInput), Object(Symfony\Component\Console\Output\ConsoleOutput))
#8 {main}  
[2016-08-24 00:28:46] local.ERROR: Symfony\Component\Debug\Exception\FatalThrowableError: Class 'Collective\Html\HtmlServiceProvider' not found in /var/www/html/work/vendor/laravel/framework/src/Illuminate/Foundation/ProviderRepository.php:146
Stack trace:
#0 /var/www/html/work/vendor/laravel/framework/src/Illuminate/Foundation/ProviderRepository.php(114): Illuminate\Foundation\ProviderRepository->createProvider('Collective\\Html...')
#1 /var/www/html/work/vendor/laravel/framework/src/Illuminate/Foundation/ProviderRepository.php(60): Illuminate\Foundation\ProviderRepository->compileManifest(Array)
#2 /var/www/html/work/vendor/laravel/framework/src/Illuminate/Foundation/Application.php(530): Illuminate\Foundation\ProviderRepository->load(Array)
#3 /var/www/html/work/vendor/laravel/framework/src/Illuminate/Foundation/Bootstrap/RegisterProviders.php(17): Illuminate\Foundation\Application->registerConfiguredProviders()
#4 /var/www/html/work/vendor/laravel/framework/src/Illuminate/Foundation/Application.php(203): Illuminate\Foundation\Bootstrap\RegisterProviders->bootstrap(Object(Illuminate\Foundation\Application))
#5 /var/www/html/work/vendor/laravel/framework/src/Illuminate/Foundation/Console/Kernel.php(251): Illuminate\Foundation\Application->bootstrapWith(Array)
#6 /var/www/html/work/vendor/laravel/framework/src/Illuminate/Foundation/Console/Kernel.php(109): Illuminate\Foundation\Console\Kernel->bootstrap()
#7 /var/www/html/work/artisan(35): Illuminate\Foundation\Console\Kernel->handle(Object(Symfony\Component\Console\Input\ArgvInput), Object(Symfony\Component\Console\Output\ConsoleOutput))
#8 {main}  
[2016-08-24 00:31:29] local.ERROR: Symfony\Component\Debug\Exception\FatalThrowableError: Class 'Collective\Html\HtmlServiceProvider' not found in /var/www/html/work/vendor/laravel/framework/src/Illuminate/Foundation/ProviderRepository.php:146
Stack trace:
#0 /var/www/html/work/vendor/laravel/framework/src/Illuminate/Foundation/ProviderRepository.php(114): Illuminate\Foundation\ProviderRepository->createProvider('Collective\\Html...')
#1 /var/www/html/work/vendor/laravel/framework/src/Illuminate/Foundation/ProviderRepository.php(60): Illuminate\Foundation\ProviderRepository->compileManifest(Array)
#2 /var/www/html/work/vendor/laravel/framework/src/Illuminate/Foundation/Application.php(530): Illuminate\Foundation\ProviderRepository->load(Array)
#3 /var/www/html/work/vendor/laravel/framework/src/Illuminate/Foundation/Bootstrap/RegisterProviders.php(17): Illuminate\Foundation\Application->registerConfiguredProviders()
#4 /var/www/html/work/vendor/laravel/framework/src/Illuminate/Foundation/Application.php(203): Illuminate\Foundation\Bootstrap\RegisterProviders->bootstrap(Object(Illuminate\Foundation\Application))
#5 /var/www/html/work/vendor/laravel/framework/src/Illuminate/Foundation/Console/Kernel.php(251): Illuminate\Foundation\Application->bootstrapWith(Array)
#6 /var/www/html/work/vendor/laravel/framework/src/Illuminate/Foundation/Console/Kernel.php(109): Illuminate\Foundation\Console\Kernel->bootstrap()
#7 /var/www/html/work/artisan(35): Illuminate\Foundation\Console\Kernel->handle(Object(Symfony\Component\Console\Input\ArgvInput), Object(Symfony\Component\Console\Output\ConsoleOutput))
#8 {main}  
[2016-08-24 00:38:41] local.ERROR: Symfony\Component\Debug\Exception\FatalThrowableError: Class 'Collective\Html\HtmlServiceProvider' not found in /var/www/html/work/vendor/laravel/framework/src/Illuminate/Foundation/ProviderRepository.php:146
Stack trace:
#0 /var/www/html/work/vendor/laravel/framework/src/Illuminate/Foundation/ProviderRepository.php(114): Illuminate\Foundation\ProviderRepository->createProvider('Collective\\Html...')
#1 /var/www/html/work/vendor/laravel/framework/src/Illuminate/Foundation/ProviderRepository.php(60): Illuminate\Foundation\ProviderRepository->compileManifest(Array)
#2 /var/www/html/work/vendor/laravel/framework/src/Illuminate/Foundation/Application.php(530): Illuminate\Foundation\ProviderRepository->load(Array)
#3 /var/www/html/work/vendor/laravel/framework/src/Illuminate/Foundation/Bootstrap/RegisterProviders.php(17): Illuminate\Foundation\Application->registerConfiguredProviders()
#4 /var/www/html/work/vendor/laravel/framework/src/Illuminate/Foundation/Application.php(203): Illuminate\Foundation\Bootstrap\RegisterProviders->bootstrap(Object(Illuminate\Foundation\Application))
#5 /var/www/html/work/vendor/laravel/framework/src/Illuminate/Foundation/Console/Kernel.php(251): Illuminate\Foundation\Application->bootstrapWith(Array)
#6 /var/www/html/work/vendor/laravel/framework/src/Illuminate/Foundation/Console/Kernel.php(109): Illuminate\Foundation\Console\Kernel->bootstrap()
#7 /var/www/html/work/artisan(35): Illuminate\Foundation\Console\Kernel->handle(Object(Symfony\Component\Console\Input\ArgvInput), Object(Symfony\Component\Console\Output\ConsoleOutput))
#8 {main}  
[2016-08-24 00:39:44] local.ERROR: Symfony\Component\Debug\Exception\FatalThrowableError: Class 'Collective\Html\HtmlServiceProvider' not found in /var/www/html/work/vendor/laravel/framework/src/Illuminate/Foundation/ProviderRepository.php:146
Stack trace:
#0 /var/www/html/work/vendor/laravel/framework/src/Illuminate/Foundation/ProviderRepository.php(114): Illuminate\Foundation\ProviderRepository->createProvider('Collective\\Html...')
#1 /var/www/html/work/vendor/laravel/framework/src/Illuminate/Foundation/ProviderRepository.php(60): Illuminate\Foundation\ProviderRepository->compileManifest(Array)
#2 /var/www/html/work/vendor/laravel/framework/src/Illuminate/Foundation/Application.php(530): Illuminate\Foundation\ProviderRepository->load(Array)
#3 /var/www/html/work/vendor/laravel/framework/src/Illuminate/Foundation/Bootstrap/RegisterProviders.php(17): Illuminate\Foundation\Application->registerConfiguredProviders()
#4 /var/www/html/work/vendor/laravel/framework/src/Illuminate/Foundation/Application.php(203): Illuminate\Foundation\Bootstrap\RegisterProviders->bootstrap(Object(Illuminate\Foundation\Application))
#5 /var/www/html/work/vendor/laravel/framework/src/Illuminate/Foundation/Console/Kernel.php(251): Illuminate\Foundation\Application->bootstrapWith(Array)
#6 /var/www/html/work/vendor/laravel/framework/src/Illuminate/Foundation/Console/Kernel.php(109): Illuminate\Foundation\Console\Kernel->bootstrap()
#7 /var/www/html/work/artisan(35): Illuminate\Foundation\Console\Kernel->handle(Object(Symfony\Component\Console\Input\ArgvInput), Object(Symfony\Component\Console\Output\ConsoleOutput))
#8 {main}  
[2016-08-24 01:33:15] local.ERROR: Symfony\Component\Debug\Exception\FatalThrowableError: Class 'Collective\Html\HtmlServiceProvider' not found in /var/www/html/work/vendor/laravel/framework/src/Illuminate/Foundation/ProviderRepository.php:146
Stack trace:
#0 /var/www/html/work/vendor/laravel/framework/src/Illuminate/Foundation/ProviderRepository.php(114): Illuminate\Foundation\ProviderRepository->createProvider('Collective\\Html...')
#1 /var/www/html/work/vendor/laravel/framework/src/Illuminate/Foundation/ProviderRepository.php(60): Illuminate\Foundation\ProviderRepository->compileManifest(Array)
#2 /var/www/html/work/vendor/laravel/framework/src/Illuminate/Foundation/Application.php(530): Illuminate\Foundation\ProviderRepository->load(Array)
#3 /var/www/html/work/vendor/laravel/framework/src/Illuminate/Foundation/Bootstrap/RegisterProviders.php(17): Illuminate\Foundation\Application->registerConfiguredProviders()
#4 /var/www/html/work/vendor/laravel/framework/src/Illuminate/Foundation/Application.php(203): Illuminate\Foundation\Bootstrap\RegisterProviders->bootstrap(Object(Illuminate\Foundation\Application))
#5 /var/www/html/work/vendor/laravel/framework/src/Illuminate/Foundation/Http/Kernel.php(249): Illuminate\Foundation\Application->bootstrapWith(Array)
#6 /var/www/html/work/vendor/laravel/framework/src/Illuminate/Foundation/Http/Kernel.php(144): Illuminate\Foundation\Http\Kernel->bootstrap()
#7 /var/www/html/work/vendor/laravel/framework/src/Illuminate/Foundation/Http/Kernel.php(116): Illuminate\Foundation\Http\Kernel->sendRequestThroughRouter(Object(Illuminate\Http\Request))
#8 /var/www/html/work/public/index.php(53): Illuminate\Foundation\Http\Kernel->handle(Object(Illuminate\Http\Request))
#9 {main}  
[2016-08-24 01:35:44] local.ERROR: Symfony\Component\Debug\Exception\FatalThrowableError: Class 'Collective\Html\HtmlServiceProvider' not found in /var/www/html/work/vendor/laravel/framework/src/Illuminate/Foundation/ProviderRepository.php:146
Stack trace:
#0 /var/www/html/work/vendor/laravel/framework/src/Illuminate/Foundation/ProviderRepository.php(114): Illuminate\Foundation\ProviderRepository->createProvider('Collective\\Html...')
#1 /var/www/html/work/vendor/laravel/framework/src/Illuminate/Foundation/ProviderRepository.php(60): Illuminate\Foundation\ProviderRepository->compileManifest(Array)
#2 /var/www/html/work/vendor/laravel/framework/src/Illuminate/Foundation/Application.php(530): Illuminate\Foundation\ProviderRepository->load(Array)
#3 /var/www/html/work/vendor/laravel/framework/src/Illuminate/Foundation/Bootstrap/RegisterProviders.php(17): Illuminate\Foundation\Application->registerConfiguredProviders()
#4 /var/www/html/work/vendor/laravel/framework/src/Illuminate/Foundation/Application.php(203): Illuminate\Foundation\Bootstrap\RegisterProviders->bootstrap(Object(Illuminate\Foundation\Application))
#5 /var/www/html/work/vendor/laravel/framework/src/Illuminate/Foundation/Http/Kernel.php(249): Illuminate\Foundation\Application->bootstrapWith(Array)
#6 /var/www/html/work/vendor/laravel/framework/src/Illuminate/Foundation/Http/Kernel.php(144): Illuminate\Foundation\Http\Kernel->bootstrap()
#7 /var/www/html/work/vendor/laravel/framework/src/Illuminate/Foundation/Http/Kernel.php(116): Illuminate\Foundation\Http\Kernel->sendRequestThroughRouter(Object(Illuminate\Http\Request))
#8 /var/www/html/work/public/index.php(53): Illuminate\Foundation\Http\Kernel->handle(Object(Illuminate\Http\Request))
#9 {main}  
[2016-08-24 01:37:34] local.ERROR: Symfony\Component\Debug\Exception\FatalThrowableError: Class 'Collective\Html\HtmlServiceProvider' not found in /var/www/html/work/vendor/laravel/framework/src/Illuminate/Foundation/ProviderRepository.php:146
Stack trace:
#0 /var/www/html/work/vendor/laravel/framework/src/Illuminate/Foundation/ProviderRepository.php(114): Illuminate\Foundation\ProviderRepository->createProvider('Collective\\Html...')
#1 /var/www/html/work/vendor/laravel/framework/src/Illuminate/Foundation/ProviderRepository.php(60): Illuminate\Foundation\ProviderRepository->compileManifest(Array)
#2 /var/www/html/work/vendor/laravel/framework/src/Illuminate/Foundation/Application.php(530): Illuminate\Foundation\ProviderRepository->load(Array)
#3 /var/www/html/work/vendor/laravel/framework/src/Illuminate/Foundation/Bootstrap/RegisterProviders.php(17): Illuminate\Foundation\Application->registerConfiguredProviders()
#4 /var/www/html/work/vendor/laravel/framework/src/Illuminate/Foundation/Application.php(203): Illuminate\Foundation\Bootstrap\RegisterProviders->bootstrap(Object(Illuminate\Foundation\Application))
#5 /var/www/html/work/vendor/laravel/framework/src/Illuminate/Foundation/Http/Kernel.php(249): Illuminate\Foundation\Application->bootstrapWith(Array)
#6 /var/www/html/work/vendor/laravel/framework/src/Illuminate/Foundation/Http/Kernel.php(144): Illuminate\Foundation\Http\Kernel->bootstrap()
#7 /var/www/html/work/vendor/laravel/framework/src/Illuminate/Foundation/Http/Kernel.php(116): Illuminate\Foundation\Http\Kernel->sendRequestThroughRouter(Object(Illuminate\Http\Request))
#8 /var/www/html/work/public/index.php(53): Illuminate\Foundation\Http\Kernel->handle(Object(Illuminate\Http\Request))
#9 {main}  
[2016-08-24 01:44:06] local.ERROR: Symfony\Component\Debug\Exception\FatalThrowableError: Class 'Collective\Html\HtmlServiceProvider' not found in /var/www/html/work/vendor/laravel/framework/src/Illuminate/Foundation/ProviderRepository.php:146
Stack trace:
#0 /var/www/html/work/vendor/laravel/framework/src/Illuminate/Foundation/ProviderRepository.php(114): Illuminate\Foundation\ProviderRepository->createProvider('Collective\\Html...')
#1 /var/www/html/work/vendor/laravel/framework/src/Illuminate/Foundation/ProviderRepository.php(60): Illuminate\Foundation\ProviderRepository->compileManifest(Array)
#2 /var/www/html/work/vendor/laravel/framework/src/Illuminate/Foundation/Application.php(530): Illuminate\Foundation\ProviderRepository->load(Array)
#3 /var/www/html/work/vendor/laravel/framework/src/Illuminate/Foundation/Bootstrap/RegisterProviders.php(17): Illuminate\Foundation\Application->registerConfiguredProviders()
#4 /var/www/html/work/vendor/laravel/framework/src/Illuminate/Foundation/Application.php(203): Illuminate\Foundation\Bootstrap\RegisterProviders->bootstrap(Object(Illuminate\Foundation\Application))
#5 /var/www/html/work/vendor/laravel/framework/src/Illuminate/Foundation/Http/Kernel.php(249): Illuminate\Foundation\Application->bootstrapWith(Array)
#6 /var/www/html/work/vendor/laravel/framework/src/Illuminate/Foundation/Http/Kernel.php(144): Illuminate\Foundation\Http\Kernel->bootstrap()
#7 /var/www/html/work/vendor/laravel/framework/src/Illuminate/Foundation/Http/Kernel.php(116): Illuminate\Foundation\Http\Kernel->sendRequestThroughRouter(Object(Illuminate\Http\Request))
#8 /var/www/html/work/public/index.php(53): Illuminate\Foundation\Http\Kernel->handle(Object(Illuminate\Http\Request))
#9 {main}  
[2016-08-24 01:44:47] local.ERROR: Symfony\Component\Debug\Exception\FatalThrowableError: Class 'App\Providers\HtmlServiceProvider' not found in /var/www/html/work/vendor/laravel/framework/src/Illuminate/Foundation/ProviderRepository.php:146
Stack trace:
#0 /var/www/html/work/vendor/laravel/framework/src/Illuminate/Foundation/ProviderRepository.php(114): Illuminate\Foundation\ProviderRepository->createProvider('App\\Providers\\H...')
#1 /var/www/html/work/vendor/laravel/framework/src/Illuminate/Foundation/ProviderRepository.php(60): Illuminate\Foundation\ProviderRepository->compileManifest(Array)
#2 /var/www/html/work/vendor/laravel/framework/src/Illuminate/Foundation/Application.php(530): Illuminate\Foundation\ProviderRepository->load(Array)
#3 /var/www/html/work/vendor/laravel/framework/src/Illuminate/Foundation/Bootstrap/RegisterProviders.php(17): Illuminate\Foundation\Application->registerConfiguredProviders()
#4 /var/www/html/work/vendor/laravel/framework/src/Illuminate/Foundation/Application.php(203): Illuminate\Foundation\Bootstrap\RegisterProviders->bootstrap(Object(Illuminate\Foundation\Application))
#5 /var/www/html/work/vendor/laravel/framework/src/Illuminate/Foundation/Http/Kernel.php(249): Illuminate\Foundation\Application->bootstrapWith(Array)
#6 /var/www/html/work/vendor/laravel/framework/src/Illuminate/Foundation/Http/Kernel.php(144): Illuminate\Foundation\Http\Kernel->bootstrap()
#7 /var/www/html/work/vendor/laravel/framework/src/Illuminate/Foundation/Http/Kernel.php(116): Illuminate\Foundation\Http\Kernel->sendRequestThroughRouter(Object(Illuminate\Http\Request))
#8 /var/www/html/work/public/index.php(53): Illuminate\Foundation\Http\Kernel->handle(Object(Illuminate\Http\Request))
#9 {main}  
[2016-08-24 01:45:06] local.ERROR: Symfony\Component\Debug\Exception\FatalThrowableError: Class 'Illuminate\Html\HtmlServiceProvider' not found in /var/www/html/work/vendor/laravel/framework/src/Illuminate/Foundation/ProviderRepository.php:146
Stack trace:
#0 /var/www/html/work/vendor/laravel/framework/src/Illuminate/Foundation/ProviderRepository.php(114): Illuminate\Foundation\ProviderRepository->createProvider('Illuminate\\Html...')
#1 /var/www/html/work/vendor/laravel/framework/src/Illuminate/Foundation/ProviderRepository.php(60): Illuminate\Foundation\ProviderRepository->compileManifest(Array)
#2 /var/www/html/work/vendor/laravel/framework/src/Illuminate/Foundation/Application.php(530): Illuminate\Foundation\ProviderRepository->load(Array)
#3 /var/www/html/work/vendor/laravel/framework/src/Illuminate/Foundation/Bootstrap/RegisterProviders.php(17): Illuminate\Foundation\Application->registerConfiguredProviders()
#4 /var/www/html/work/vendor/laravel/framework/src/Illuminate/Foundation/Application.php(203): Illuminate\Foundation\Bootstrap\RegisterProviders->bootstrap(Object(Illuminate\Foundation\Application))
#5 /var/www/html/work/vendor/laravel/framework/src/Illuminate/Foundation/Http/Kernel.php(249): Illuminate\Foundation\Application->bootstrapWith(Array)
#6 /var/www/html/work/vendor/laravel/framework/src/Illuminate/Foundation/Http/Kernel.php(144): Illuminate\Foundation\Http\Kernel->bootstrap()
#7 /var/www/html/work/vendor/laravel/framework/src/Illuminate/Foundation/Http/Kernel.php(116): Illuminate\Foundation\Http\Kernel->sendRequestThroughRouter(Object(Illuminate\Http\Request))
#8 /var/www/html/work/public/index.php(53): Illuminate\Foundation\Http\Kernel->handle(Object(Illuminate\Http\Request))
#9 {main}  
[2016-08-24 01:45:11] local.ERROR: Symfony\Component\Debug\Exception\FatalThrowableError: Class 'Collective\Html\HtmlServiceProvider' not found in /var/www/html/work/vendor/laravel/framework/src/Illuminate/Foundation/ProviderRepository.php:146
Stack trace:
#0 /var/www/html/work/vendor/laravel/framework/src/Illuminate/Foundation/ProviderRepository.php(114): Illuminate\Foundation\ProviderRepository->createProvider('Collective\\Html...')
#1 /var/www/html/work/vendor/laravel/framework/src/Illuminate/Foundation/ProviderRepository.php(60): Illuminate\Foundation\ProviderRepository->compileManifest(Array)
#2 /var/www/html/work/vendor/laravel/framework/src/Illuminate/Foundation/Application.php(530): Illuminate\Foundation\ProviderRepository->load(Array)
#3 /var/www/html/work/vendor/laravel/framework/src/Illuminate/Foundation/Bootstrap/RegisterProviders.php(17): Illuminate\Foundation\Application->registerConfiguredProviders()
#4 /var/www/html/work/vendor/laravel/framework/src/Illuminate/Foundation/Application.php(203): Illuminate\Foundation\Bootstrap\RegisterProviders->bootstrap(Object(Illuminate\Foundation\Application))
#5 /var/www/html/work/vendor/laravel/framework/src/Illuminate/Foundation/Http/Kernel.php(249): Illuminate\Foundation\Application->bootstrapWith(Array)
#6 /var/www/html/work/vendor/laravel/framework/src/Illuminate/Foundation/Http/Kernel.php(144): Illuminate\Foundation\Http\Kernel->bootstrap()
#7 /var/www/html/work/vendor/laravel/framework/src/Illuminate/Foundation/Http/Kernel.php(116): Illuminate\Foundation\Http\Kernel->sendRequestThroughRouter(Object(Illuminate\Http\Request))
#8 /var/www/html/work/public/index.php(53): Illuminate\Foundation\Http\Kernel->handle(Object(Illuminate\Http\Request))
#9 {main}  
[2016-08-24 01:46:10] local.ERROR: Symfony\Component\Debug\Exception\FatalThrowableError: Class 'Illuminate\Html\HtmlServiceProvider' not found in /var/www/html/work/vendor/laravel/framework/src/Illuminate/Foundation/ProviderRepository.php:146
Stack trace:
#0 /var/www/html/work/vendor/laravel/framework/src/Illuminate/Foundation/ProviderRepository.php(114): Illuminate\Foundation\ProviderRepository->createProvider('Illuminate\\Html...')
#1 /var/www/html/work/vendor/laravel/framework/src/Illuminate/Foundation/ProviderRepository.php(60): Illuminate\Foundation\ProviderRepository->compileManifest(Array)
#2 /var/www/html/work/vendor/laravel/framework/src/Illuminate/Foundation/Application.php(530): Illuminate\Foundation\ProviderRepository->load(Array)
#3 /var/www/html/work/vendor/laravel/framework/src/Illuminate/Foundation/Bootstrap/RegisterProviders.php(17): Illuminate\Foundation\Application->registerConfiguredProviders()
#4 /var/www/html/work/vendor/laravel/framework/src/Illuminate/Foundation/Application.php(203): Illuminate\Foundation\Bootstrap\RegisterProviders->bootstrap(Object(Illuminate\Foundation\Application))
#5 /var/www/html/work/vendor/laravel/framework/src/Illuminate/Foundation/Http/Kernel.php(249): Illuminate\Foundation\Application->bootstrapWith(Array)
#6 /var/www/html/work/vendor/laravel/framework/src/Illuminate/Foundation/Http/Kernel.php(144): Illuminate\Foundation\Http\Kernel->bootstrap()
#7 /var/www/html/work/vendor/laravel/framework/src/Illuminate/Foundation/Http/Kernel.php(116): Illuminate\Foundation\Http\Kernel->sendRequestThroughRouter(Object(Illuminate\Http\Request))
#8 /var/www/html/work/public/index.php(53): Illuminate\Foundation\Http\Kernel->handle(Object(Illuminate\Http\Request))
#9 {main}  
[2016-08-24 01:49:43] local.ERROR: Symfony\Component\Debug\Exception\FatalThrowableError: Class 'Illuminate\Html\HtmlServiceProvider' not found in /var/www/html/work/vendor/laravel/framework/src/Illuminate/Foundation/ProviderRepository.php:146
Stack trace:
#0 /var/www/html/work/vendor/laravel/framework/src/Illuminate/Foundation/ProviderRepository.php(114): Illuminate\Foundation\ProviderRepository->createProvider('Illuminate\\Html...')
#1 /var/www/html/work/vendor/laravel/framework/src/Illuminate/Foundation/ProviderRepository.php(60): Illuminate\Foundation\ProviderRepository->compileManifest(Array)
#2 /var/www/html/work/vendor/laravel/framework/src/Illuminate/Foundation/Application.php(530): Illuminate\Foundation\ProviderRepository->load(Array)
#3 /var/www/html/work/vendor/laravel/framework/src/Illuminate/Foundation/Bootstrap/RegisterProviders.php(17): Illuminate\Foundation\Application->registerConfiguredProviders()
#4 /var/www/html/work/vendor/laravel/framework/src/Illuminate/Foundation/Application.php(203): Illuminate\Foundation\Bootstrap\RegisterProviders->bootstrap(Object(Illuminate\Foundation\Application))
#5 /var/www/html/work/vendor/laravel/framework/src/Illuminate/Foundation/Http/Kernel.php(249): Illuminate\Foundation\Application->bootstrapWith(Array)
#6 /var/www/html/work/vendor/laravel/framework/src/Illuminate/Foundation/Http/Kernel.php(144): Illuminate\Foundation\Http\Kernel->bootstrap()
#7 /var/www/html/work/vendor/laravel/framework/src/Illuminate/Foundation/Http/Kernel.php(116): Illuminate\Foundation\Http\Kernel->sendRequestThroughRouter(Object(Illuminate\Http\Request))
#8 /var/www/html/work/public/index.php(53): Illuminate\Foundation\Http\Kernel->handle(Object(Illuminate\Http\Request))
#9 {main}  
[2016-08-24 01:53:17] local.ERROR: Symfony\Component\Debug\Exception\FatalThrowableError: Class 'Illuminate\Html\HtmlServiceProvider' not found in /var/www/html/work/vendor/laravel/framework/src/Illuminate/Foundation/ProviderRepository.php:146
Stack trace:
#0 /var/www/html/work/vendor/laravel/framework/src/Illuminate/Foundation/ProviderRepository.php(114): Illuminate\Foundation\ProviderRepository->createProvider('Illuminate\\Html...')
#1 /var/www/html/work/vendor/laravel/framework/src/Illuminate/Foundation/ProviderRepository.php(60): Illuminate\Foundation\ProviderRepository->compileManifest(Array)
#2 /var/www/html/work/vendor/laravel/framework/src/Illuminate/Foundation/Application.php(530): Illuminate\Foundation\ProviderRepository->load(Array)
#3 /var/www/html/work/vendor/laravel/framework/src/Illuminate/Foundation/Bootstrap/RegisterProviders.php(17): Illuminate\Foundation\Application->registerConfiguredProviders()
#4 /var/www/html/work/vendor/laravel/framework/src/Illuminate/Foundation/Application.php(203): Illuminate\Foundation\Bootstrap\RegisterProviders->bootstrap(Object(Illuminate\Foundation\Application))
#5 /var/www/html/work/vendor/laravel/framework/src/Illuminate/Foundation/Console/Kernel.php(251): Illuminate\Foundation\Application->bootstrapWith(Array)
#6 /var/www/html/work/vendor/laravel/framework/src/Illuminate/Foundation/Console/Kernel.php(109): Illuminate\Foundation\Console\Kernel->bootstrap()
#7 /var/www/html/work/artisan(35): Illuminate\Foundation\Console\Kernel->handle(Object(Symfony\Component\Console\Input\ArgvInput), Object(Symfony\Component\Console\Output\ConsoleOutput))
#8 {main}  
[2016-08-24 01:57:29] local.ERROR: Symfony\Component\Debug\Exception\FatalThrowableError: Class 'Illuminate\Html\HtmlServiceProvider' not found in /var/www/html/work/vendor/laravel/framework/src/Illuminate/Foundation/ProviderRepository.php:146
Stack trace:
#0 /var/www/html/work/vendor/laravel/framework/src/Illuminate/Foundation/ProviderRepository.php(114): Illuminate\Foundation\ProviderRepository->createProvider('Illuminate\\Html...')
#1 /var/www/html/work/vendor/laravel/framework/src/Illuminate/Foundation/ProviderRepository.php(60): Illuminate\Foundation\ProviderRepository->compileManifest(Array)
#2 /var/www/html/work/vendor/laravel/framework/src/Illuminate/Foundation/Application.php(530): Illuminate\Foundation\ProviderRepository->load(Array)
#3 /var/www/html/work/vendor/laravel/framework/src/Illuminate/Foundation/Bootstrap/RegisterProviders.php(17): Illuminate\Foundation\Application->registerConfiguredProviders()
#4 /var/www/html/work/vendor/laravel/framework/src/Illuminate/Foundation/Application.php(203): Illuminate\Foundation\Bootstrap\RegisterProviders->bootstrap(Object(Illuminate\Foundation\Application))
#5 /var/www/html/work/vendor/laravel/framework/src/Illuminate/Foundation/Console/Kernel.php(251): Illuminate\Foundation\Application->bootstrapWith(Array)
#6 /var/www/html/work/vendor/laravel/framework/src/Illuminate/Foundation/Console/Kernel.php(109): Illuminate\Foundation\Console\Kernel->bootstrap()
#7 /var/www/html/work/artisan(35): Illuminate\Foundation\Console\Kernel->handle(Object(Symfony\Component\Console\Input\ArgvInput), Object(Symfony\Component\Console\Output\ConsoleOutput))
#8 {main}  
[2016-08-24 02:03:00] local.ERROR: Symfony\Component\Debug\Exception\FatalThrowableError: Class 'Illuminate\Html\HtmlServiceProvider' not found in /var/www/html/work/vendor/laravel/framework/src/Illuminate/Foundation/ProviderRepository.php:146
Stack trace:
#0 /var/www/html/work/vendor/laravel/framework/src/Illuminate/Foundation/ProviderRepository.php(114): Illuminate\Foundation\ProviderRepository->createProvider('Illuminate\\Html...')
#1 /var/www/html/work/vendor/laravel/framework/src/Illuminate/Foundation/ProviderRepository.php(60): Illuminate\Foundation\ProviderRepository->compileManifest(Array)
#2 /var/www/html/work/vendor/laravel/framework/src/Illuminate/Foundation/Application.php(530): Illuminate\Foundation\ProviderRepository->load(Array)
#3 /var/www/html/work/vendor/laravel/framework/src/Illuminate/Foundation/Bootstrap/RegisterProviders.php(17): Illuminate\Foundation\Application->registerConfiguredProviders()
#4 /var/www/html/work/vendor/laravel/framework/src/Illuminate/Foundation/Application.php(203): Illuminate\Foundation\Bootstrap\RegisterProviders->bootstrap(Object(Illuminate\Foundation\Application))
#5 /var/www/html/work/vendor/laravel/framework/src/Illuminate/Foundation/Http/Kernel.php(249): Illuminate\Foundation\Application->bootstrapWith(Array)
#6 /var/www/html/work/vendor/laravel/framework/src/Illuminate/Foundation/Http/Kernel.php(144): Illuminate\Foundation\Http\Kernel->bootstrap()
#7 /var/www/html/work/vendor/laravel/framework/src/Illuminate/Foundation/Http/Kernel.php(116): Illuminate\Foundation\Http\Kernel->sendRequestThroughRouter(Object(Illuminate\Http\Request))
#8 /var/www/html/work/public/index.php(53): Illuminate\Foundation\Http\Kernel->handle(Object(Illuminate\Http\Request))
#9 {main}  
